2018-04-17 13:04:23 ERROR BtceBFBot:92 - Profitable trade: [printing trades] (3): Trade 1: from=TRX to=ETH cost=8.139E-5Trade 2: from=ETH to=BTC cost=0.06393066Trade 3: from=BTC to=TRX cost=5.18E-6
2018-04-17 13:04:26 ERROR BtceBFBot:92 - Profitable trade: [printing trades] (3): Trade 1: from=TRX to=ETH cost=8.139E-5Trade 2: from=ETH to=BTC cost=0.063695Trade 3: from=BTC to=TRX cost=5.18E-6
2018-04-17 13:04:28 ERROR BtceBFBot:92 - Profitable trade: [printing trades] (3): Trade 1: from=TRX to=ETH cost=8.139E-5Trade 2: from=ETH to=BTC cost=0.063695Trade 3: from=BTC to=TRX cost=5.18E-6
2018-04-17 13:04:30 ERROR BtceBFBot:92 - Profitable trade: [printing trades] (3): Trade 1: from=TRX to=ETH cost=8.139E-5Trade 2: from=ETH to=BTC cost=0.06393066Trade 3: from=BTC to=TRX cost=5.18E-6
2018-04-17 13:04:32 ERROR BtceBFBot:92 - Profitable trade: [printing trades] (3): Trade 1: from=TRX to=ETH cost=8.139E-5Trade 2: from=ETH to=BTC cost=0.06393066Trade 3: from=BTC to=TRX cost=5.18E-6
2018-04-17 13:04:35 ERROR BtceBFBot:92 - Profitable trade: [printing trades] (3): Trade 1: from=TRX to=ETH cost=8.139E-5Trade 2: from=ETH to=BTC cost=0.06393066Trade 3: from=BTC to=TRX cost=5.18E-6
2018-04-17 13:04:37 ERROR BtceBFBot:92 - Profitable trade: [printing trades] (3): Trade 1: from=TRX to=ETH cost=8.139E-5Trade 2: from=ETH to=BTC cost=0.06393066Trade 3: from=BTC to=TRX cost=5.18E-6
2018-04-17 13:04:39 ERROR BtceBFBot:92 - Profitable trade: [printing trades] (3): Trade 1: from=TRX to=ETH cost=8.139E-5Trade 2: from=ETH to=BTC cost=0.06393066Trade 3: from=BTC to=TRX cost=5.18E-6
2018-04-17 13:04:42 ERROR BtceBFBot:92 - Profitable trade: [printing trades] (3): Trade 1: from=TRX to=ETH cost=8.139E-5Trade 2: from=ETH to=BTC cost=0.06393066Trade 3: from=BTC to=TRX cost=5.18E-6
2018-04-17 13:04:44 ERROR BtceBFBot:92 - Profitable trade: [printing trades] (3): Trade 1: from=TRX to=ETH cost=8.139E-5Trade 2: from=ETH to=BTC cost=0.06393066Trade 3: from=BTC to=TRX cost=5.18E-6
2018-04-17 13:04:46 ERROR BtceBFBot:92 - Profitable trade: [printing trades] (3): Trade 1: from=TRX to=ETH cost=8.139E-5Trade 2: from=ETH to=BTC cost=0.06393066Trade 3: from=BTC to=TRX cost=5.18E-6
2018-04-17 13:05:01 ERROR BtceBFBot:92 - Profitable trade: [printing trades] (3): Trade 1: from=POLY to=ETH cost=8.1375E-4Trade 2: from=ETH to=BTC cost=0.06398794Trade 3: from=BTC to=POLY cost=5.175E-5
2018-04-17 13:05:52 ERROR BtceBFBot:92 - Profitable trade: [printing trades] (3): Trade 1: from=POLY to=ETH cost=8.1375E-4Trade 2: from=ETH to=BTC cost=0.0637Trade 3: from=BTC to=POLY cost=5.175E-5
2018-04-17 13:05:54 ERROR BtceBFBot:92 - Profitable trade: [printing trades] (3): Trade 1: from=POLY to=ETH cost=8.1375E-4Trade 2: from=ETH to=BTC cost=0.0637Trade 3: from=BTC to=POLY cost=5.175E-5
2018-04-17 13:05:57 ERROR BtceBFBot:92 - Profitable trade: [printing trades] (3): Trade 1: from=POLY to=ETH cost=8.1375E-4Trade 2: from=ETH to=BTC cost=0.0637Trade 3: from=BTC to=POLY cost=5.175E-5
2018-04-17 13:05:59 ERROR BtceBFBot:92 - Profitable trade: [printing trades] (3): Trade 1: from=POLY to=ETH cost=8.1375E-4Trade 2: from=ETH to=BTC cost=0.0637Trade 3: from=BTC to=POLY cost=5.175E-5
2018-04-17 13:06:01 ERROR BtceBFBot:92 - Profitable trade: [printing trades] (3): Trade 1: from=POLY to=ETH cost=8.1375E-4Trade 2: from=ETH to=BTC cost=0.0637Trade 3: from=BTC to=POLY cost=5.175E-5
2018-04-17 13:06:03 ERROR BtceBFBot:92 - Profitable trade: [printing trades] (3): Trade 1: from=POLY to=ETH cost=8.1375E-4Trade 2: from=ETH to=BTC cost=0.0637Trade 3: from=BTC to=POLY cost=5.175E-5
2018-04-17 13:06:06 ERROR BtceBFBot:92 - Profitable trade: [printing trades] (3): Trade 1: from=POLY to=ETH cost=8.1375E-4Trade 2: from=ETH to=BTC cost=0.0637Trade 3: from=BTC to=POLY cost=5.175E-5
2018-04-17 13:06:09 ERROR BtceBFBot:92 - Profitable trade: [printing trades] (3): Trade 1: from=POLY to=ETH cost=8.1375E-4Trade 2: from=ETH to=BTC cost=0.0637Trade 3: from=BTC to=POLY cost=5.175E-5
2018-04-17 13:06:12 ERROR BtceBFBot:92 - Profitable trade: [printing trades] (3): Trade 1: from=POLY to=ETH cost=8.1375E-4Trade 2: from=ETH to=BTC cost=0.0639838Trade 3: from=BTC to=POLY cost=5.175E-5
2018-04-17 13:06:15 ERROR BtceBFBot:92 - Profitable trade: [printing trades] (3): Trade 1: from=POLY to=ETH cost=8.1375E-4Trade 2: from=ETH to=BTC cost=0.0639838Trade 3: from=BTC to=POLY cost=5.175E-5
2018-04-17 13:06:17 ERROR BtceBFBot:92 - Profitable trade: [printing trades] (3): Trade 1: from=POLY to=ETH cost=8.1375E-4Trade 2: from=ETH to=BTC cost=0.0639838Trade 3: from=BTC to=POLY cost=5.175E-5
2018-04-17 13:06:19 ERROR BtceBFBot:92 - Profitable trade: [printing trades] (3): Trade 1: from=POLY to=ETH cost=8.1375E-4Trade 2: from=ETH to=BTC cost=0.0639838Trade 3: from=BTC to=POLY cost=5.175E-5
2018-04-17 13:06:21 ERROR BtceBFBot:92 - Profitable trade: [printing trades] (3): Trade 1: from=POLY to=ETH cost=8.1375E-4Trade 2: from=ETH to=BTC cost=0.0639838Trade 3: from=BTC to=POLY cost=5.175E-5
2018-04-17 13:06:24 ERROR BtceBFBot:92 - Profitable trade: [printing trades] (3): Trade 1: from=POLY to=ETH cost=8.1375E-4Trade 2: from=ETH to=BTC cost=0.0637Trade 3: from=BTC to=POLY cost=5.174E-5
2018-04-17 13:06:26 ERROR BtceBFBot:92 - Profitable trade: [printing trades] (3): Trade 1: from=POLY to=ETH cost=8.1375E-4Trade 2: from=ETH to=BTC cost=0.0639838Trade 3: from=BTC to=POLY cost=5.175E-5
2018-04-17 13:06:30 ERROR BtceBFBot:92 - Profitable trade: [printing trades] (3): Trade 1: from=POLY to=ETH cost=8.1375E-4Trade 2: from=ETH to=BTC cost=0.0639838Trade 3: from=BTC to=POLY cost=5.175E-5
2018-04-17 13:06:32 ERROR BtceBFBot:92 - Profitable trade: [printing trades] (3): Trade 1: from=POLY to=ETH cost=8.1375E-4Trade 2: from=ETH to=BTC cost=0.0637Trade 3: from=BTC to=POLY cost=5.175E-5
2018-04-17 13:06:36 ERROR BtceBFBot:92 - Profitable trade: [printing trades] (3): Trade 1: from=POLY to=ETH cost=8.1375E-4Trade 2: from=ETH to=BTC cost=0.0637Trade 3: from=BTC to=POLY cost=5.175E-5
2018-04-17 13:06:38 ERROR BtceBFBot:92 - Profitable trade: [printing trades] (3): Trade 1: from=POLY to=ETH cost=8.1375E-4Trade 2: from=ETH to=BTC cost=0.0637Trade 3: from=BTC to=POLY cost=5.175E-5
2018-04-17 13:06:41 ERROR BtceBFBot:92 - Profitable trade: [printing trades] (3): Trade 1: from=POLY to=ETH cost=8.1375E-4Trade 2: from=ETH to=BTC cost=0.0637Trade 3: from=BTC to=POLY cost=5.175E-5
2018-04-17 13:06:43 ERROR BtceBFBot:92 - Profitable trade: [printing trades] (3): Trade 1: from=POLY to=ETH cost=8.1375E-4Trade 2: from=ETH to=BTC cost=0.0637Trade 3: from=BTC to=POLY cost=5.175E-5
2018-04-17 13:06:46 ERROR BtceBFBot:92 - Profitable trade: [printing trades] (3): Trade 1: from=POLY to=ETH cost=8.1375E-4Trade 2: from=ETH to=BTC cost=0.0637Trade 3: from=BTC to=POLY cost=5.175E-5
2018-04-17 13:06:49 ERROR BtceBFBot:92 - Profitable trade: [printing trades] (3): Trade 1: from=POLY to=ETH cost=8.1375E-4Trade 2: from=ETH to=BTC cost=0.0637Trade 3: from=BTC to=POLY cost=5.175E-5
2018-04-17 13:06:58 ERROR BtceBFBot:92 - Profitable trade: [printing trades] (3): Trade 1: from=POLY to=ETH cost=8.1375E-4Trade 2: from=ETH to=BTC cost=0.0637Trade 3: from=BTC to=POLY cost=5.175E-5
2018-04-17 13:07:00 ERROR BtceBFBot:92 - Profitable trade: [printing trades] (3): Trade 1: from=POLY to=ETH cost=8.1375E-4Trade 2: from=ETH to=BTC cost=0.0637Trade 3: from=BTC to=POLY cost=5.175E-5
2018-04-17 13:07:03 ERROR BtceBFBot:92 - Profitable trade: [printing trades] (3): Trade 1: from=POLY to=ETH cost=8.1375E-4Trade 2: from=ETH to=BTC cost=0.0637Trade 3: from=BTC to=POLY cost=5.175E-5
2018-04-17 13:07:05 ERROR BtceBFBot:92 - Profitable trade: [printing trades] (3): Trade 1: from=POLY to=ETH cost=8.1375E-4Trade 2: from=ETH to=BTC cost=0.0637Trade 3: from=BTC to=POLY cost=5.175E-5
2018-04-17 13:07:23 ERROR BtceBFBot:92 - Profitable trade: [printing trades] (3): Trade 1: from=POLY to=ETH cost=8.1375E-4Trade 2: from=ETH to=BTC cost=0.0637Trade 3: from=BTC to=POLY cost=5.175E-5
2018-04-17 13:07:25 ERROR BtceBFBot:92 - Profitable trade: [printing trades] (3): Trade 1: from=POLY to=ETH cost=8.1375E-4Trade 2: from=ETH to=BTC cost=0.0639838Trade 3: from=BTC to=POLY cost=5.175E-5
2018-04-17 13:07:28 ERROR BtceBFBot:92 - Profitable trade: [printing trades] (3): Trade 1: from=POLY to=ETH cost=8.1375E-4Trade 2: from=ETH to=BTC cost=0.0639838Trade 3: from=BTC to=POLY cost=5.175E-5
2018-04-17 13:07:31 ERROR BtceBFBot:92 - Profitable trade: [printing trades] (3): Trade 1: from=POLY to=ETH cost=8.1375E-4Trade 2: from=ETH to=BTC cost=0.0639838Trade 3: from=BTC to=POLY cost=5.175E-5
2018-04-17 13:07:33 ERROR BtceBFBot:92 - Profitable trade: [printing trades] (3): Trade 1: from=POLY to=ETH cost=8.1375E-4Trade 2: from=ETH to=BTC cost=0.0639838Trade 3: from=BTC to=POLY cost=5.175E-5
2018-04-17 13:07:36 ERROR BtceBFBot:92 - Profitable trade: [printing trades] (3): Trade 1: from=POLY to=ETH cost=8.1375E-4Trade 2: from=ETH to=BTC cost=0.0639838Trade 3: from=BTC to=POLY cost=5.175E-5
2018-04-17 13:07:38 ERROR BtceBFBot:92 - Profitable trade: [printing trades] (3): Trade 1: from=POLY to=ETH cost=8.1375E-4Trade 2: from=ETH to=BTC cost=0.0639838Trade 3: from=BTC to=POLY cost=5.175E-5
2018-04-17 13:07:41 ERROR BtceBFBot:92 - Profitable trade: [printing trades] (3): Trade 1: from=POLY to=ETH cost=8.1375E-4Trade 2: from=ETH to=BTC cost=0.063695Trade 3: from=BTC to=POLY cost=5.175E-5
2018-04-17 13:07:43 ERROR BtceBFBot:92 - Profitable trade: [printing trades] (3): Trade 1: from=POLY to=ETH cost=8.1375E-4Trade 2: from=ETH to=BTC cost=0.063695Trade 3: from=BTC to=POLY cost=5.175E-5
2018-04-17 13:07:46 ERROR BtceBFBot:92 - Profitable trade: [printing trades] (3): Trade 1: from=POLY to=ETH cost=8.1375E-4Trade 2: from=ETH to=BTC cost=0.063695Trade 3: from=BTC to=POLY cost=5.175E-5
2018-04-17 13:07:49 ERROR BtceBFBot:92 - Profitable trade: [printing trades] (3): Trade 1: from=POLY to=ETH cost=8.1375E-4Trade 2: from=ETH to=BTC cost=0.063695Trade 3: from=BTC to=POLY cost=5.175E-5
2018-04-17 13:07:51 ERROR BtceBFBot:92 - Profitable trade: [printing trades] (3): Trade 1: from=POLY to=ETH cost=8.1375E-4Trade 2: from=ETH to=BTC cost=0.063695Trade 3: from=BTC to=POLY cost=5.175E-5
2018-04-17 13:07:54 ERROR BtceBFBot:92 - Profitable trade: [printing trades] (3): Trade 1: from=POLY to=ETH cost=8.1375E-4Trade 2: from=ETH to=BTC cost=0.063695Trade 3: from=BTC to=POLY cost=5.175E-5
2018-04-17 13:07:56 ERROR BtceBFBot:92 - Profitable trade: [printing trades] (3): Trade 1: from=POLY to=ETH cost=8.1375E-4Trade 2: from=ETH to=BTC cost=0.063695Trade 3: from=BTC to=POLY cost=5.175E-5
2018-04-17 13:07:58 ERROR BtceBFBot:92 - Profitable trade: [printing trades] (3): Trade 1: from=POLY to=ETH cost=8.1375E-4Trade 2: from=ETH to=BTC cost=0.063695Trade 3: from=BTC to=POLY cost=5.175E-5
2018-04-17 22:20:27 ERROR BtceBFBot:92 - Profitable trade: [printing trades] (3): Trade 1: from=UKG to=ETH cost=3.9924E-4Trade 2: from=ETH to=BTC cost=0.06374Trade 3: from=BTC to=UKG cost=2.523E-5
2018-04-17 22:20:29 ERROR BtceBFBot:92 - Profitable trade: [printing trades] (3): Trade 1: from=UKG to=ETH cost=3.9924E-4Trade 2: from=ETH to=BTC cost=0.06374Trade 3: from=BTC to=UKG cost=2.523E-5
2018-04-17 22:20:31 ERROR BtceBFBot:92 - Profitable trade: [printing trades] (3): Trade 1: from=UKG to=ETH cost=3.9924E-4Trade 2: from=ETH to=BTC cost=0.06374Trade 3: from=BTC to=UKG cost=2.523E-5
2018-04-17 22:20:33 ERROR BtceBFBot:92 - Profitable trade: [printing trades] (3): Trade 1: from=UKG to=ETH cost=3.9924E-4Trade 2: from=ETH to=BTC cost=0.06374Trade 3: from=BTC to=UKG cost=2.523E-5
2018-04-17 22:20:35 ERROR BtceBFBot:92 - Profitable trade: [printing trades] (3): Trade 1: from=UKG to=ETH cost=3.9924E-4Trade 2: from=ETH to=BTC cost=0.06374Trade 3: from=BTC to=UKG cost=2.523E-5
2018-04-17 22:20:38 ERROR BtceBFBot:92 - Profitable trade: [printing trades] (3): Trade 1: from=UKG to=ETH cost=3.9924E-4Trade 2: from=ETH to=BTC cost=0.06374Trade 3: from=BTC to=UKG cost=2.523E-5
2018-04-17 22:20:40 ERROR BtceBFBot:92 - Profitable trade: [printing trades] (3): Trade 1: from=UKG to=ETH cost=3.9924E-4Trade 2: from=ETH to=BTC cost=0.06374Trade 3: from=BTC to=UKG cost=2.523E-5
2018-04-17 22:20:42 ERROR BtceBFBot:92 - Profitable trade: [printing trades] (3): Trade 1: from=UKG to=ETH cost=3.9924E-4Trade 2: from=ETH to=BTC cost=0.06356001Trade 3: from=BTC to=UKG cost=2.523E-5
2018-04-17 22:20:44 ERROR BtceBFBot:92 - Profitable trade: [printing trades] (3): Trade 1: from=UKG to=ETH cost=3.9925E-4Trade 2: from=ETH to=BTC cost=0.06356001Trade 3: from=BTC to=UKG cost=2.523E-5
2018-04-17 22:20:46 ERROR BtceBFBot:92 - Profitable trade: [printing trades] (3): Trade 1: from=UKG to=ETH cost=3.9925E-4Trade 2: from=ETH to=BTC cost=0.06356001Trade 3: from=BTC to=UKG cost=2.523E-5
2018-04-17 22:20:48 ERROR BtceBFBot:92 - Profitable trade: [printing trades] (3): Trade 1: from=UKG to=ETH cost=3.9925E-4Trade 2: from=ETH to=BTC cost=0.06356001Trade 3: from=BTC to=UKG cost=2.523E-5
2018-04-17 22:20:50 ERROR BtceBFBot:92 - Profitable trade: [printing trades] (3): Trade 1: from=UKG to=ETH cost=3.9925E-4Trade 2: from=ETH to=BTC cost=0.06356001Trade 3: from=BTC to=UKG cost=2.523E-5
2018-04-17 22:20:58 ERROR BtceBFBot:92 - Profitable trade: [printing trades] (3): Trade 1: from=UKG to=ETH cost=3.9925E-4Trade 2: from=ETH to=BTC cost=0.06356Trade 3: from=BTC to=UKG cost=2.523E-5
2018-04-17 22:21:00 ERROR BtceBFBot:92 - Profitable trade: [printing trades] (3): Trade 1: from=UKG to=ETH cost=3.9925E-4Trade 2: from=ETH to=BTC cost=0.06356Trade 3: from=BTC to=UKG cost=2.523E-5
2018-04-17 22:21:02 ERROR BtceBFBot:92 - Profitable trade: [printing trades] (3): Trade 1: from=UKG to=ETH cost=3.9925E-4Trade 2: from=ETH to=BTC cost=0.06356Trade 3: from=BTC to=UKG cost=2.523E-5
2018-04-17 22:21:04 ERROR BtceBFBot:92 - Profitable trade: [printing trades] (3): Trade 1: from=UKG to=ETH cost=3.9925E-4Trade 2: from=ETH to=BTC cost=0.06356Trade 3: from=BTC to=UKG cost=2.523E-5
2018-04-17 22:21:06 ERROR BtceBFBot:92 - Profitable trade: [printing trades] (3): Trade 1: from=UKG to=ETH cost=3.9925E-4Trade 2: from=ETH to=BTC cost=0.06356Trade 3: from=BTC to=UKG cost=2.523E-5
2018-04-17 22:21:41 ERROR BtceBFBot:92 - Profitable trade: [printing trades] (3): Trade 1: from=REP to=ETH cost=0.05759001Trade 2: from=ETH to=BTC cost=0.063745Trade 3: from=BTC to=REP cost=0.00364932
2018-04-17 22:21:44 ERROR BtceBFBot:92 - Profitable trade: [printing trades] (3): Trade 1: from=REP to=ETH cost=0.05759001Trade 2: from=ETH to=BTC cost=0.063745Trade 3: from=BTC to=REP cost=0.00364932
2018-04-17 22:21:46 ERROR BtceBFBot:92 - Profitable trade: [printing trades] (3): Trade 1: from=REP to=ETH cost=0.05759001Trade 2: from=ETH to=BTC cost=0.063745Trade 3: from=BTC to=REP cost=0.00364932
2018-04-17 22:21:48 ERROR BtceBFBot:92 - Profitable trade: [printing trades] (3): Trade 1: from=REP to=ETH cost=0.05759001Trade 2: from=ETH to=BTC cost=0.063745Trade 3: from=BTC to=REP cost=0.00364932
2018-04-17 22:22:16 ERROR BtceBFBot:92 - Profitable trade: [printing trades] (3): Trade 1: from=XVG to=USDT cost=0.07736662Trade 2: from=USDT to=BTC cost=7900.10000002Trade 3: from=BTC to=XVG cost=9.61E-6
2018-04-17 22:22:31 ERROR BtceBFBot:92 - Profitable trade: [printing trades] (3): Trade 1: from=ETH to=GUP cost=7.7996E-4Trade 2: from=GUP to=BTC cost=4.98E-5Trade 3: from=BTC to=ETH cost=0.06347011
2018-04-17 22:22:34 ERROR BtceBFBot:92 - Profitable trade: [printing trades] (3): Trade 1: from=XVG to=USDT cost=0.07736662Trade 2: from=USDT to=BTC cost=7900.10000002Trade 3: from=BTC to=XVG cost=9.61E-6
2018-04-17 22:23:05 ERROR BtceBFBot:92 - Profitable trade: [printing trades] (3): Trade 1: from=TRX to=ETH cost=8.371E-5Trade 2: from=ETH to=BTC cost=0.06347013Trade 3: from=BTC to=TRX cost=5.32E-6
2018-04-17 22:23:07 ERROR BtceBFBot:92 - Profitable trade: [printing trades] (3): Trade 1: from=TRX to=ETH cost=8.371E-5Trade 2: from=ETH to=BTC cost=0.06347013Trade 3: from=BTC to=TRX cost=5.32E-6
2018-04-17 22:23:09 ERROR BtceBFBot:92 - Profitable trade: [printing trades] (3): Trade 1: from=TRX to=ETH cost=8.371E-5Trade 2: from=ETH to=BTC cost=0.06347013Trade 3: from=BTC to=TRX cost=5.32E-6
2018-04-17 22:23:11 ERROR BtceBFBot:92 - Profitable trade: [printing trades] (3): Trade 1: from=TRX to=ETH cost=8.371E-5Trade 2: from=ETH to=BTC cost=0.06347013Trade 3: from=BTC to=TRX cost=5.32E-6
2018-04-17 22:23:14 ERROR BtceBFBot:92 - Profitable trade: [printing trades] (3): Trade 1: from=TRX to=ETH cost=8.371E-5Trade 2: from=ETH to=BTC cost=0.06375Trade 3: from=BTC to=TRX cost=5.32E-6
2018-04-17 22:25:29 ERROR BtceBFBot:92 - Profitable trade: [printing trades] (3): Trade 1: from=TRX to=ETH cost=8.372E-5Trade 2: from=ETH to=BTC cost=0.06379873Trade 3: from=BTC to=TRX cost=5.31E-6
2018-04-17 22:27:29 ERROR BtceBFBot:92 - Profitable trade: [printing trades] (3): Trade 1: from=TRX to=ETH cost=8.372E-5Trade 2: from=ETH to=BTC cost=0.06353004Trade 3: from=BTC to=TRX cost=5.31E-6
2018-04-17 22:27:31 ERROR BtceBFBot:92 - Profitable trade: [printing trades] (3): Trade 1: from=TRX to=ETH cost=8.372E-5Trade 2: from=ETH to=BTC cost=0.06353004Trade 3: from=BTC to=TRX cost=5.31E-6
2018-04-17 22:27:34 ERROR BtceBFBot:92 - Profitable trade: [printing trades] (3): Trade 1: from=TRX to=ETH cost=8.372E-5Trade 2: from=ETH to=BTC cost=0.06353004Trade 3: from=BTC to=TRX cost=5.31E-6
2018-04-17 22:27:36 ERROR BtceBFBot:92 - Profitable trade: [printing trades] (3): Trade 1: from=TRX to=ETH cost=8.372E-5Trade 2: from=ETH to=BTC cost=0.06353004Trade 3: from=BTC to=TRX cost=5.31E-6
2018-04-17 22:27:38 ERROR BtceBFBot:92 - Profitable trade: [printing trades] (3): Trade 1: from=TRX to=ETH cost=8.372E-5Trade 2: from=ETH to=BTC cost=0.06353004Trade 3: from=BTC to=TRX cost=5.31E-6
2018-04-17 22:27:40 ERROR BtceBFBot:92 - Profitable trade: [printing trades] (3): Trade 1: from=TRX to=ETH cost=8.372E-5Trade 2: from=ETH to=BTC cost=0.06353004Trade 3: from=BTC to=TRX cost=5.31E-6
2018-04-17 22:27:42 ERROR BtceBFBot:92 - Profitable trade: [printing trades] (3): Trade 1: from=TRX to=ETH cost=8.372E-5Trade 2: from=ETH to=BTC cost=0.06353004Trade 3: from=BTC to=TRX cost=5.31E-6
2018-04-17 22:27:44 ERROR BtceBFBot:92 - Profitable trade: [printing trades] (3): Trade 1: from=TRX to=ETH cost=8.372E-5Trade 2: from=ETH to=BTC cost=0.06353004Trade 3: from=BTC to=TRX cost=5.31E-6
2018-04-17 22:27:46 ERROR BtceBFBot:92 - Profitable trade: [printing trades] (3): Trade 1: from=TRX to=ETH cost=8.372E-5Trade 2: from=ETH to=BTC cost=0.06353004Trade 3: from=BTC to=TRX cost=5.31E-6
2018-04-17 22:27:48 ERROR BtceBFBot:92 - Profitable trade: [printing trades] (3): Trade 1: from=TRX to=ETH cost=8.372E-5Trade 2: from=ETH to=BTC cost=0.06353004Trade 3: from=BTC to=TRX cost=5.31E-6
2018-04-17 22:28:34 ERROR BtceBFBot:92 - Profitable trade: [printing trades] (3): Trade 1: from=USDT to=BCC cost=756.02885155Trade 2: from=BCC to=BTC cost=0.09587501Trade 3: from=BTC to=USDT cost=7955.0
2018-04-17 22:28:42 ERROR BtceBFBot:92 - Profitable trade: [printing trades] (3): Trade 1: from=USDT to=BCC cost=756.02885155Trade 2: from=BCC to=BTC cost=0.09587501Trade 3: from=BTC to=USDT cost=7959.0
2018-04-17 22:28:45 ERROR BtceBFBot:92 - Profitable trade: [printing trades] (3): Trade 1: from=USDT to=BCC cost=756.02885155Trade 2: from=BCC to=BTC cost=0.09587501Trade 3: from=BTC to=USDT cost=7959.0
2018-04-23 20:58:13 ERROR BFAlgorithm:84 - Error: infinite cycle occurred... 
2018-04-23 20:58:15 ERROR BFAlgorithm:84 - Error: infinite cycle occurred... 
2018-04-23 20:58:17 ERROR BFAlgorithm:84 - Error: infinite cycle occurred... 
2018-04-23 20:58:19 ERROR BFAlgorithm:84 - Error: infinite cycle occurred... 
2018-04-23 20:58:21 ERROR BFAlgorithm:84 - Error: infinite cycle occurred... 
2018-04-23 20:58:23 ERROR BFAlgorithm:84 - Error: infinite cycle occurred... 
2018-04-23 20:58:32 ERROR BFAlgorithm:84 - Error: infinite cycle occurred... 
2018-04-23 20:58:40 ERROR BFAlgorithm:84 - Error: infinite cycle occurred... 
2018-04-23 20:58:42 ERROR BFAlgorithm:84 - Error: infinite cycle occurred... 
2018-04-23 20:58:44 ERROR BFAlgorithm:84 - Error: infinite cycle occurred... 
2018-04-23 20:58:49 ERROR BFAlgorithm:84 - Error: infinite cycle occurred... 
2018-04-23 20:58:57 ERROR BFAlgorithm:84 - Error: infinite cycle occurred... 
2018-04-23 20:58:59 ERROR BFAlgorithm:84 - Error: infinite cycle occurred... 
2018-04-23 20:59:01 ERROR BFAlgorithm:84 - Error: infinite cycle occurred... 
2018-04-23 20:59:03 ERROR BFAlgorithm:84 - Error: infinite cycle occurred... 
2018-04-23 20:59:05 ERROR BFAlgorithm:84 - Error: infinite cycle occurred... 
2018-04-23 20:59:07 ERROR BFAlgorithm:84 - Error: infinite cycle occurred... 
2018-04-23 20:59:10 ERROR BFAlgorithm:84 - Error: infinite cycle occurred... 
2018-04-23 20:59:12 ERROR BFAlgorithm:84 - Error: infinite cycle occurred... 
2018-04-23 20:59:14 ERROR BFAlgorithm:84 - Error: infinite cycle occurred... 
2018-04-23 20:59:42 ERROR BtceBFBot:92 - Profitable trade: [printing trades] (3): Trade 1: from=MCO to=ETH cost=0.02025Trade 2: from=ETH to=BTC cost=0.072258Trade 3: from=BTC to=MCO cost=0.00145428
2018-04-23 21:00:29 ERROR BFAlgorithm:84 - Error: infinite cycle occurred... 
2018-04-23 21:00:31 ERROR BFAlgorithm:84 - Error: infinite cycle occurred... 
2018-04-23 21:00:33 ERROR BFAlgorithm:84 - Error: infinite cycle occurred... 
2018-04-23 21:00:36 ERROR BFAlgorithm:84 - Error: infinite cycle occurred... 
2018-04-23 21:01:43 ERROR BtceBFBot:92 - Profitable trade: [printing trades] (3): Trade 1: from=DNT to=ETH cost=1.7549E-4Trade 2: from=ETH to=BTC cost=0.072193Trade 3: from=BTC to=DNT cost=1.257E-5
2018-04-23 21:02:04 ERROR BFAlgorithm:84 - Error: infinite cycle occurred... 
2018-04-23 21:02:08 ERROR BFAlgorithm:84 - Error: infinite cycle occurred... 
2018-04-23 21:02:10 ERROR BFAlgorithm:84 - Error: infinite cycle occurred... 
2018-04-23 21:02:12 ERROR BFAlgorithm:84 - Error: infinite cycle occurred... 
2018-04-23 21:02:14 ERROR BtceBFBot:92 - Profitable trade: [printing trades] (3): Trade 1: from=DNT to=ETH cost=1.746E-4Trade 2: from=ETH to=BTC cost=0.07218999Trade 3: from=BTC to=DNT cost=1.25E-5
2018-04-23 21:02:16 ERROR BtceBFBot:92 - Profitable trade: [printing trades] (3): Trade 1: from=DNT to=ETH cost=1.746E-4Trade 2: from=ETH to=BTC cost=0.07218999Trade 3: from=BTC to=DNT cost=1.25E-5
2018-04-23 21:02:21 ERROR BtceBFBot:92 - Profitable trade: [printing trades] (3): Trade 1: from=DNT to=ETH cost=1.746E-4Trade 2: from=ETH to=BTC cost=0.07218999Trade 3: from=BTC to=DNT cost=1.25E-5
2018-04-23 21:02:23 ERROR BFAlgorithm:84 - Error: infinite cycle occurred... 
2018-04-23 21:02:25 ERROR BFAlgorithm:84 - Error: infinite cycle occurred... 
2018-04-23 21:02:28 ERROR BFAlgorithm:84 - Error: infinite cycle occurred... 
2018-04-23 21:02:30 ERROR BFAlgorithm:84 - Error: infinite cycle occurred... 
2018-04-23 21:02:40 ERROR BFAlgorithm:84 - Error: infinite cycle occurred... 
2018-04-23 21:02:43 ERROR BFAlgorithm:84 - Error: infinite cycle occurred... 
2018-04-23 21:02:47 ERROR BFAlgorithm:84 - Error: infinite cycle occurred... 
2018-04-23 21:02:49 ERROR BFAlgorithm:84 - Error: infinite cycle occurred... 
2018-04-23 21:02:51 ERROR BtceBFBot:92 - Profitable trade: [printing trades] (3): Trade 1: from=XRP to=ETH cost=0.0013535Trade 2: from=ETH to=BTC cost=0.07214365Trade 3: from=BTC to=XRP cost=9.731E-5
2018-04-23 21:05:08 ERROR BtceBFBot:92 - Profitable trade: [printing trades] (3): Trade 1: from=BNT to=ETH cost=0.0068337Trade 2: from=ETH to=BTC cost=0.0718999Trade 3: from=BTC to=BNT cost=4.8577E-4
2018-04-23 21:06:02 ERROR BFAlgorithm:84 - Error: infinite cycle occurred... 
2018-04-23 21:06:10 ERROR BFAlgorithm:84 - Error: infinite cycle occurred... 
2018-04-23 21:06:37 ERROR BtceBFBot:92 - Profitable trade: [printing trades] (3): Trade 1: from=ETH to=BNT cost=0.006783Trade 2: from=BNT to=BTC cost=4.8921E-4Trade 3: from=BTC to=ETH cost=0.07185405
2018-04-23 21:06:39 ERROR BtceBFBot:92 - Profitable trade: [printing trades] (3): Trade 1: from=ETH to=BNT cost=0.006783Trade 2: from=BNT to=BTC cost=4.8921E-4Trade 3: from=BTC to=ETH cost=0.07185405
2018-04-23 21:06:43 ERROR BtceBFBot:92 - Profitable trade: [printing trades] (3): Trade 1: from=ETH to=BNT cost=0.00675495Trade 2: from=BNT to=BTC cost=4.8921E-4Trade 3: from=BTC to=ETH cost=0.07185405
2018-04-23 21:06:45 ERROR BtceBFBot:92 - Profitable trade: [printing trades] (3): Trade 1: from=ETH to=BNT cost=0.00675495Trade 2: from=BNT to=BTC cost=4.8921E-4Trade 3: from=BTC to=ETH cost=0.07185405
2018-04-23 21:06:48 ERROR BtceBFBot:92 - Profitable trade: [printing trades] (3): Trade 1: from=ETH to=BNT cost=0.00675495Trade 2: from=BNT to=BTC cost=4.8921E-4Trade 3: from=BTC to=ETH cost=0.07181
2018-04-23 21:06:50 ERROR BtceBFBot:92 - Profitable trade: [printing trades] (3): Trade 1: from=ETH to=BNT cost=0.00675495Trade 2: from=BNT to=BTC cost=4.8921E-4Trade 3: from=BTC to=ETH cost=0.07181
2018-04-23 21:06:52 ERROR BtceBFBot:92 - Profitable trade: [printing trades] (3): Trade 1: from=ETH to=BNT cost=0.00675495Trade 2: from=BNT to=BTC cost=4.8921E-4Trade 3: from=BTC to=ETH cost=0.07181
2018-04-23 21:06:54 ERROR BtceBFBot:92 - Profitable trade: [printing trades] (3): Trade 1: from=ETH to=BNT cost=0.00677444Trade 2: from=BNT to=BTC cost=4.8921E-4Trade 3: from=BTC to=ETH cost=0.07181
2018-04-23 21:06:56 ERROR BtceBFBot:92 - Profitable trade: [printing trades] (3): Trade 1: from=ETH to=BNT cost=0.00677444Trade 2: from=BNT to=BTC cost=4.8921E-4Trade 3: from=BTC to=ETH cost=0.07181
2018-04-23 21:06:58 ERROR BtceBFBot:92 - Profitable trade: [printing trades] (3): Trade 1: from=ETH to=BNT cost=0.00677444Trade 2: from=BNT to=BTC cost=4.8921E-4Trade 3: from=BTC to=ETH cost=0.07181
2018-04-23 21:07:00 ERROR BtceBFBot:92 - Profitable trade: [printing trades] (3): Trade 1: from=ETH to=BNT cost=0.00677444Trade 2: from=BNT to=BTC cost=4.8921E-4Trade 3: from=BTC to=ETH cost=0.07185405
2018-04-23 21:07:02 ERROR BtceBFBot:92 - Profitable trade: [printing trades] (3): Trade 1: from=ETH to=BNT cost=0.00677444Trade 2: from=BNT to=BTC cost=4.8921E-4Trade 3: from=BTC to=ETH cost=0.07185405
2018-04-23 21:07:04 ERROR BtceBFBot:92 - Profitable trade: [printing trades] (3): Trade 1: from=ETH to=BNT cost=0.00677444Trade 2: from=BNT to=BTC cost=4.8921E-4Trade 3: from=BTC to=ETH cost=0.07185405
2018-04-23 21:07:07 ERROR BtceBFBot:92 - Profitable trade: [printing trades] (3): Trade 1: from=ETH to=BNT cost=0.00677444Trade 2: from=BNT to=BTC cost=4.8921E-4Trade 3: from=BTC to=ETH cost=0.07181
2018-04-23 21:07:09 ERROR BtceBFBot:92 - Profitable trade: [printing trades] (3): Trade 1: from=ETH to=BNT cost=0.00677444Trade 2: from=BNT to=BTC cost=4.8996E-4Trade 3: from=BTC to=ETH cost=0.07185405
2018-04-23 21:07:11 ERROR BtceBFBot:92 - Profitable trade: [printing trades] (3): Trade 1: from=ETH to=BNT cost=0.00677444Trade 2: from=BNT to=BTC cost=4.8921E-4Trade 3: from=BTC to=ETH cost=0.07181
2018-04-23 21:07:13 ERROR BtceBFBot:92 - Profitable trade: [printing trades] (3): Trade 1: from=ETH to=BNT cost=0.00677444Trade 2: from=BNT to=BTC cost=4.8996E-4Trade 3: from=BTC to=ETH cost=0.07185405
2018-04-23 21:07:15 ERROR BtceBFBot:92 - Profitable trade: [printing trades] (3): Trade 1: from=BCC to=USDT cost=1372.68977788Trade 2: from=USDT to=BTC cost=8824.0Trade 3: from=BTC to=BCC cost=0.15486
2018-04-23 21:07:17 ERROR BtceBFBot:92 - Profitable trade: [printing trades] (3): Trade 1: from=BCC to=USDT cost=1372.68977788Trade 2: from=USDT to=BTC cost=8824.0Trade 3: from=BTC to=BCC cost=0.15486
2018-04-23 21:07:19 ERROR BtceBFBot:92 - Profitable trade: [printing trades] (3): Trade 1: from=BCC to=USDT cost=1372.68977788Trade 2: from=USDT to=BTC cost=8812.00000004Trade 3: from=BTC to=BCC cost=0.15486
2018-04-23 21:07:22 ERROR BtceBFBot:92 - Profitable trade: [printing trades] (3): Trade 1: from=BCC to=USDT cost=1372.68977788Trade 2: from=USDT to=BTC cost=8812.00000004Trade 3: from=BTC to=BCC cost=0.15486
2018-04-23 21:07:28 ERROR BtceBFBot:92 - Profitable trade: [printing trades] (3): Trade 1: from=BCC to=USDT cost=1372.68977788Trade 2: from=USDT to=BTC cost=8812.00000004Trade 3: from=BTC to=BCC cost=0.15486
2018-04-23 21:07:30 ERROR BtceBFBot:92 - Profitable trade: [printing trades] (3): Trade 1: from=BCC to=USDT cost=1372.68977788Trade 2: from=USDT to=BTC cost=8812.00000004Trade 3: from=BTC to=BCC cost=0.15486
2018-04-23 21:07:33 ERROR BFAlgorithm:84 - Error: infinite cycle occurred... 
2018-04-23 21:07:35 ERROR BFAlgorithm:84 - Error: infinite cycle occurred... 
2018-04-23 21:07:37 ERROR BFAlgorithm:84 - Error: infinite cycle occurred... 
2018-04-23 21:07:39 ERROR BFAlgorithm:84 - Error: infinite cycle occurred... 
2018-04-23 21:07:41 ERROR BFAlgorithm:84 - Error: infinite cycle occurred... 
2018-04-23 21:07:43 ERROR BFAlgorithm:84 - Error: infinite cycle occurred... 
2018-04-23 21:07:45 ERROR BFAlgorithm:84 - Error: infinite cycle occurred... 
2018-04-23 21:07:47 ERROR BtceBFBot:92 - Profitable trade: [printing trades] (3): Trade 1: from=ETH to=ANT cost=0.00644989Trade 2: from=ANT to=BTC cost=4.7035E-4Trade 3: from=BTC to=ETH cost=0.072127
2018-04-23 21:07:56 ERROR BFAlgorithm:84 - Error: infinite cycle occurred... 
2018-04-23 21:07:58 ERROR BFAlgorithm:84 - Error: infinite cycle occurred... 
2018-04-23 21:08:00 ERROR BFAlgorithm:84 - Error: infinite cycle occurred... 
2018-04-23 21:08:02 ERROR BFAlgorithm:84 - Error: infinite cycle occurred... 
2018-04-23 21:08:04 ERROR BFAlgorithm:84 - Error: infinite cycle occurred... 
2018-04-23 21:08:06 ERROR BFAlgorithm:84 - Error: infinite cycle occurred... 
2018-04-23 21:08:09 ERROR BtceBFBot:92 - Profitable trade: [printing trades] (3): Trade 1: from=ADT to=ETH cost=9.777E-5Trade 2: from=ETH to=BTC cost=0.07181001Trade 3: from=BTC to=ADT cost=7.02E-6
2018-04-23 21:08:11 ERROR BtceBFBot:92 - Profitable trade: [printing trades] (3): Trade 1: from=ADT to=ETH cost=9.777E-5Trade 2: from=ETH to=BTC cost=0.07181001Trade 3: from=BTC to=ADT cost=7.02E-6
2018-04-23 21:08:13 ERROR BtceBFBot:92 - Profitable trade: [printing trades] (3): Trade 1: from=ADT to=ETH cost=9.777E-5Trade 2: from=ETH to=BTC cost=0.07181001Trade 3: from=BTC to=ADT cost=7.02E-6
2018-04-23 21:08:17 ERROR BFAlgorithm:84 - Error: infinite cycle occurred... 
2018-04-23 21:08:24 ERROR BFAlgorithm:84 - Error: infinite cycle occurred... 
2018-04-23 21:08:26 ERROR BFAlgorithm:84 - Error: infinite cycle occurred... 
2018-04-23 21:08:28 ERROR BFAlgorithm:84 - Error: infinite cycle occurred... 
2018-04-23 21:08:30 ERROR BFAlgorithm:84 - Error: infinite cycle occurred... 
2018-04-23 21:08:34 ERROR BFAlgorithm:84 - Error: infinite cycle occurred... 
2018-04-23 21:08:36 ERROR BFAlgorithm:84 - Error: infinite cycle occurred... 
2018-04-23 21:08:38 ERROR BFAlgorithm:84 - Error: infinite cycle occurred... 
2018-04-23 21:08:41 ERROR BFAlgorithm:84 - Error: infinite cycle occurred... 
2018-04-23 21:08:43 ERROR BFAlgorithm:84 - Error: infinite cycle occurred... 
2018-04-23 21:08:53 ERROR BFAlgorithm:84 - Error: infinite cycle occurred... 
2018-04-23 21:09:19 ERROR BtceBFBot:92 - Profitable trade: [printing trades] (3): Trade 1: from=ETH to=ANT cost=0.00645043Trade 2: from=ANT to=BTC cost=4.7051E-4Trade 3: from=BTC to=ETH cost=0.07205
2018-04-23 21:09:21 ERROR BtceBFBot:92 - Profitable trade: [printing trades] (3): Trade 1: from=ETH to=ANT cost=0.00645043Trade 2: from=ANT to=BTC cost=4.7051E-4Trade 3: from=BTC to=ETH cost=0.07205
2018-04-23 21:09:23 ERROR BtceBFBot:92 - Profitable trade: [printing trades] (3): Trade 1: from=ETH to=ANT cost=0.00645043Trade 2: from=ANT to=BTC cost=4.7051E-4Trade 3: from=BTC to=ETH cost=0.07205
2018-04-23 21:09:25 ERROR BtceBFBot:92 - Profitable trade: [printing trades] (3): Trade 1: from=ETH to=ANT cost=0.00645043Trade 2: from=ANT to=BTC cost=4.7051E-4Trade 3: from=BTC to=ETH cost=0.07205
2018-04-23 21:09:27 ERROR BtceBFBot:92 - Profitable trade: [printing trades] (3): Trade 1: from=ETH to=ANT cost=0.00645043Trade 2: from=ANT to=BTC cost=4.7051E-4Trade 3: from=BTC to=ETH cost=0.07205
2018-04-23 21:09:29 ERROR BtceBFBot:92 - Profitable trade: [printing trades] (3): Trade 1: from=ETH to=ANT cost=0.00644989Trade 2: from=ANT to=BTC cost=4.7051E-4Trade 3: from=BTC to=ETH cost=0.07205
2018-04-23 21:09:31 ERROR BtceBFBot:92 - Profitable trade: [printing trades] (3): Trade 1: from=ETH to=ANT cost=0.00644989Trade 2: from=ANT to=BTC cost=4.7038E-4Trade 3: from=BTC to=ETH cost=0.07205
2018-04-23 21:09:33 ERROR BtceBFBot:92 - Profitable trade: [printing trades] (3): Trade 1: from=ETH to=ANT cost=0.00644989Trade 2: from=ANT to=BTC cost=4.7038E-4Trade 3: from=BTC to=ETH cost=0.07205
2018-04-23 21:09:35 ERROR BFAlgorithm:84 - Error: infinite cycle occurred... 
2018-04-23 21:09:37 ERROR BFAlgorithm:84 - Error: infinite cycle occurred... 
2018-04-23 21:09:40 ERROR BFAlgorithm:84 - Error: infinite cycle occurred... 
2018-04-23 21:09:42 ERROR BFAlgorithm:84 - Error: infinite cycle occurred... 
2018-04-23 21:09:44 ERROR BFAlgorithm:84 - Error: infinite cycle occurred... 
2018-04-23 21:09:47 ERROR BFAlgorithm:84 - Error: infinite cycle occurred... 
2018-04-23 21:09:50 ERROR BFAlgorithm:84 - Error: infinite cycle occurred... 
2018-04-23 21:09:52 ERROR BFAlgorithm:84 - Error: infinite cycle occurred... 
2018-04-23 21:09:54 ERROR BFAlgorithm:84 - Error: infinite cycle occurred... 
2018-04-23 21:09:56 ERROR BFAlgorithm:84 - Error: infinite cycle occurred... 
2018-04-23 21:10:03 ERROR BtceBFBot:92 - Profitable trade: [printing trades] (3): Trade 1: from=ETH to=ANT cost=0.00644989Trade 2: from=ANT to=BTC cost=4.7038E-4Trade 3: from=BTC to=ETH cost=0.07205
2018-04-23 21:10:12 ERROR BtceBFBot:92 - Profitable trade: [printing trades] (3): Trade 1: from=ETH to=ANT cost=0.00644989Trade 2: from=ANT to=BTC cost=4.76E-4Trade 3: from=BTC to=ETH cost=0.071701
2018-04-23 21:10:14 ERROR BtceBFBot:92 - Profitable trade: [printing trades] (3): Trade 1: from=ETH to=ANT cost=0.00644989Trade 2: from=ANT to=BTC cost=4.76E-4Trade 3: from=BTC to=ETH cost=0.071701
